<?xml version="1.0" encoding="UTF-8"?>
<testng-results ignored="0" total="1" passed="1" failed="0" skipped="0">
  <reporter-output>
  </reporter-output>
  <suite started-at="2024-01-04T01:18:03 GMT" name="Default suite" finished-at="2024-01-04T01:18:06 GMT" duration-ms="3509">
    <groups>
    </groups>
    <test started-at="2024-01-04T01:18:03 GMT" name="Default test" finished-at="2024-01-04T01:18:06 GMT" duration-ms="3509">
      <class name="testCases.Login">
        <test-method is-config="true" signature="setup()[pri:0, instance:testCases.Login@644baf4a]" started-at="2024-01-04T01:18:03 GMT" name="setup" finished-at="2024-01-04T01:18:05 GMT" duration-ms="2536" status="PASS">
          <reporter-output>
          </reporter-output>
        </test-method> <!-- setup -->
        <test-method signature="testlogin()[pri:0, instance:testCases.Login@644baf4a]" started-at="2024-01-04T01:18:05 GMT" name="testlogin" finished-at="2024-01-04T01:18:06 GMT" duration-ms="807" status="PASS">
          <reporter-output>
          </reporter-output>
        </test-method> <!-- testlogin -->
        <test-method is-config="true" signature="tearDown()[pri:0, instance:testCases.Login@644baf4a]" started-at="2024-01-04T01:18:06 GMT" name="tearDown" finished-at="2024-01-04T01:18:06 GMT" duration-ms="124" status="PASS">
          <reporter-output>
          </reporter-output>
        </test-method> <!-- tearDown -->
      </class> <!-- testCases.Login -->
    </test> <!-- Default test -->
  </suite> <!-- Default suite -->
</testng-results>
