<?xml version="1.0" encoding="UTF-8"?>
<testng-results ignored="0" total="1" passed="1" failed="0" skipped="0">
  <reporter-output>
  </reporter-output>
  <suite started-at="2024-01-04T10:09:51 GMT" name="Default suite" finished-at="2024-01-04T10:09:55 GMT" duration-ms="3506">
    <groups>
    </groups>
    <test started-at="2024-01-04T10:09:51 GMT" name="Default test" finished-at="2024-01-04T10:09:55 GMT" duration-ms="3506">
      <class name="testCases.Login">
        <test-method is-config="true" signature="setup()[pri:0, instance:testCases.Login@78e4deb0]" started-at="2024-01-04T10:09:51 GMT" name="setup" finished-at="2024-01-04T10:09:54 GMT" duration-ms="2584" status="PASS">
          <reporter-output>
          </reporter-output>
        </test-method> <!-- setup -->
        <test-method signature="testlogin()[pri:0, instance:testCases.Login@78e4deb0]" started-at="2024-01-04T10:09:54 GMT" name="testlogin" finished-at="2024-01-04T10:09:55 GMT" duration-ms="767" status="PASS">
          <reporter-output>
          </reporter-output>
        </test-method> <!-- testlogin -->
        <test-method is-config="true" signature="tearDown()[pri:0, instance:testCases.Login@78e4deb0]" started-at="2024-01-04T10:09:55 GMT" name="tearDown" finished-at="2024-01-04T10:09:55 GMT" duration-ms="124" status="PASS">
          <reporter-output>
          </reporter-output>
        </test-method> <!-- tearDown -->
      </class> <!-- testCases.Login -->
    </test> <!-- Default test -->
  </suite> <!-- Default suite -->
</testng-results>
